<?xml version="1.0" encoding="UTF-8"?>
<testng-results ignored="0" total="1" passed="1" failed="0" skipped="0">
  <reporter-output>
  </reporter-output>
  <suite started-at="2024-04-26T07:07:33 EEST" name="Default suite" finished-at="2024-04-26T07:07:50 EEST" duration-ms="16851">
    <groups>
    </groups>
    <test started-at="2024-04-26T07:07:33 EEST" name="Default test" finished-at="2024-04-26T07:07:50 EEST" duration-ms="16851">
      <class name="tests.LoginTest">
        <test-method is-config="true" signature="StartDriver(java.lang.String)[pri:0, instance:tests.LoginTest@31e75d13]" started-at="2024-04-26T07:07:23 EEST" name="StartDriver" finished-at="2024-04-26T07:07:33 EEST" duration-ms="9959" status="PASS">
          <params>
            <param index="0">
              <value>
                <![CDATA[firefox]]>
              </value>
            </param>
          </params>
          <reporter-output>
          </reporter-output>
        </test-method> <!-- StartDriver -->
        <test-method signature="UserCanLogin()[pri:0, instance:tests.LoginTest@31e75d13]" started-at="2024-04-26T07:07:33 EEST" name="UserCanLogin" finished-at="2024-04-26T07:07:50 EEST" duration-ms="16811" status="PASS">
          <reporter-output>
          </reporter-output>
        </test-method> <!-- UserCanLogin -->
        <test-method is-config="true" signature="StopDriver()[pri:0, instance:tests.LoginTest@31e75d13]" started-at="2024-04-26T07:07:50 EEST" name="StopDriver" finished-at="2024-04-26T07:07:51 EEST" duration-ms="950" status="PASS">
          <reporter-output>
          </reporter-output>
        </test-method> <!-- StopDriver -->
      </class> <!-- tests.LoginTest -->
    </test> <!-- Default test -->
  </suite> <!-- Default suite -->
</testng-results>
